<?xml version="1.0" encoding="UTF-8"?>
<Site BuildName="Linux-g++"
	BuildStamp="20230915-2058-Experimental"
	Name="cybr-jnky"
	Generator="ctest-3.26.0"
	CompilerName="/usr/bin/g++"
	CompilerVersion="12.2.0"
	OSName="Linux"
	Hostname="cybr-jnky"
	OSRelease="5.19.0-46-generic"
	OSVersion="#47-Ubuntu SMP PREEMPT_DYNAMIC Fri Jun 16 13:30:11 UTC 2023"
	OSPlatform="x86_64"
	Is64Bits="1"
	VendorString="GenuineIntel"
	VendorID="Intel Corporation"
	FamilyID="6"
	ModelID="142"
	ProcessorCacheSize="6144"
	NumberOfLogicalCPU="8"
	NumberOfPhysicalCPU="4"
	TotalVirtualMemory="2047"
	TotalPhysicalMemory="15730"
	LogicalProcessorsPerPhysical="2"
	ProcessorClockFrequency="3600"
	>
	<Testing>
		<StartDateTime>Sep 16 00:00 CEST</StartDateTime>
		<StartTestTime>1694815208</StartTestTime>
		<TestList/>
		<EndDateTime>Sep 16 00:00 CEST</EndDateTime>
		<EndTestTime>1694815208</EndTestTime>
		<ElapsedMinutes>0</ElapsedMinutes>
	</Testing>
</Site>
